# JRE version: Java(TM) SE Runtime Environment (8.0_281-b09) (build 1.8.0_281-b09)
# Java VM: Java HotSpot(TM) 64-Bit Server VM (25.281-b09 mixed mode windows-amd64 compressed oops)
Heap:
 PSYoungGen      total 73728K, used 31510K [0x000000076e000000, 0x0000000773200000, 0x00000007c0000000)
  eden space 63488K, 33% used [0x000000076e000000,0x000000076f4c6558,0x0000000771e00000)
  from space 10240K, 99% used [0x0000000772800000,0x00000007731ff620,0x0000000773200000)
  to   space 10240K, 0% used [0x0000000771e00000,0x0000000771e00000,0x0000000772800000)
 ParOldGen       total 167936K, used 1967K [0x00000006ca000000, 0x00000006d4400000, 0x000000076e000000)
  object space 167936K, 1% used [0x00000006ca000000,0x00000006ca1ebfd0,0x00000006d4400000)
 Metaspace       used 16173K, capacity 16456K, committed 16640K, reserved 1064960K
  class space    used 1928K, capacity 2011K, committed 2048K, reserved 1048576K
GC Heap History (4 events):
Event: 1.286 GC heap before
{Heap before GC invocations=1 (full 0):
 PSYoungGen      total 73728K, used 63488K [0x000000076e000000, 0x0000000773200000, 0x00000007c0000000)
  eden space 63488K, 100% used [0x000000076e000000,0x0000000771e00000,0x0000000771e00000)
  from space 10240K, 0% used [0x0000000772800000,0x0000000772800000,0x0000000773200000)
  to   space 10240K, 0% used [0x0000000771e00000,0x0000000771e00000,0x0000000772800000)
 ParOldGen       total 167936K, used 0K [0x00000006ca000000, 0x00000006d4400000, 0x000000076e000000)
  object space 167936K, 0% used [0x00000006ca000000,0x00000006ca000000,0x00000006d4400000)
 Metaspace       used 11208K, capacity 11340K, committed 11520K, reserved 1058816K
  class space    used 1361K, capacity 1413K, committed 1536K, reserved 1048576K
Event: 1.291 GC heap after
Heap after GC invocations=1 (full 0):
 PSYoungGen      total 73728K, used 8762K [0x000000076e000000, 0x0000000773200000, 0x00000007c0000000)
  eden space 63488K, 0% used [0x000000076e000000,0x000000076e000000,0x0000000771e00000)
  from space 10240K, 85% used [0x0000000771e00000,0x000000077268e940,0x0000000772800000)
  to   space 10240K, 0% used [0x0000000772800000,0x0000000772800000,0x0000000773200000)
 ParOldGen       total 167936K, used 16K [0x00000006ca000000, 0x00000006d4400000, 0x000000076e000000)
  object space 167936K, 0% used [0x00000006ca000000,0x00000006ca004000,0x00000006d4400000)
 Metaspace       used 11208K, capacity 11340K, committed 11520K, reserved 1058816K
  class space    used 1361K, capacity 1413K, committed 1536K, reserved 1048576K
}
Event: 1.871 GC heap before
{Heap before GC invocations=2 (full 0):
 PSYoungGen      total 73728K, used 72250K [0x000000076e000000, 0x0000000773200000, 0x00000007c0000000)
  eden space 63488K, 100% used [0x000000076e000000,0x0000000771e00000,0x0000000771e00000)
  from space 10240K, 85% used [0x0000000771e00000,0x000000077268e940,0x0000000772800000)
  to   space 10240K, 0% used [0x0000000772800000,0x0000000772800000,0x0000000773200000)
 ParOldGen       total 167936K, used 16K [0x00000006ca000000, 0x00000006d4400000, 0x000000076e000000)
  object space 167936K, 0% used [0x00000006ca000000,0x00000006ca004000,0x00000006d4400000)
 Metaspace       used 15924K, capacity 16258K, committed 16384K, reserved 1062912K
  class space    used 1917K, capacity 2010K, committed 2048K, reserved 1048576K
Event: 1.877 GC heap after
Heap after GC invocations=2 (full 0):
 PSYoungGen      total 73728K, used 10237K [0x000000076e000000, 0x0000000773200000, 0x00000007c0000000)
  eden space 63488K, 0% used [0x000000076e000000,0x000000076e000000,0x0000000771e00000)
  from space 10240K, 99% used [0x0000000772800000,0x00000007731ff620,0x0000000773200000)
  to   space 10240K, 0% used [0x0000000771e00000,0x0000000771e00000,0x0000000772800000)
 ParOldGen       total 167936K, used 1967K [0x00000006ca000000, 0x00000006d4400000, 0x000000076e000000)
  object space 167936K, 1% used [0x00000006ca000000,0x00000006ca1ebfd0,0x00000006d4400000)
 Metaspace       used 15924K, capacity 16258K, committed 16384K, reserved 1062912K
  class space    used 1917K, capacity 2010K, committed 2048K, reserved 1048576K
}

